<?xml version="1.0" encoding="UTF-8"?>
<!-- Generated by org.testng.reporters.JUnitXMLReporter -->
<testsuite ignored="0" hostname="DESKTOP-K853HKP" failures="0" tests="6" name="loginapp" time="0.056" errors="0" timestamp="2023-09-22T17:06:41 IST">
  <testcase classname="testnglearning.test3hello" name="applogin" time="0.002"/>
  <testcase classname="testnglearning.test3hello" name="applogin1" time="0.003"/>
  <testcase classname="testnglearning.test3hello" name="applogin2" time="0.006"/>
  <testcase classname="testnglearning.test3hello" name="applogin3" time="0.002"/>
  <testcase classname="testnglearning.test3hello" name="applogin3" time="0.003"/>
  <testcase classname="testnglearning.test3hello" name="applogin3" time="0.002"/>
</testsuite> <!-- loginapp -->
