<?xml version="1.0" encoding="UTF-8"?>
<!-- Generated by org.testng.reporters.JUnitXMLReporter -->
<testsuite ignored="2" hostname="DESKTOP-K853HKP" failures="0" tests="1" name="webapp" time="0.03" errors="0" timestamp="2023-09-22T17:06:41 IST">
  <testcase classname="testnglearning.test4hello" name="webapphome" time="0.009"/>
  <testcase classname="testnglearning.test4hello" name="mobileapphome" time="0.0">
    <ignored/>
  </testcase> <!-- mobileapphome -->
  <testcase classname="testnglearning.test4hello" name="apihome" time="0.0">
    <ignored/>
  </testcase> <!-- apihome -->
</testsuite> <!-- webapp -->
