<?xml version="1.0" encoding="UTF-8"?>
<testng-results ignored="0" total="6" passed="6" failed="0" skipped="0">
  <reporter-output>
  </reporter-output>
  <suite started-at="2023-09-22T17:10:38 IST" name="Default suite" finished-at="2023-09-22T17:10:38 IST" duration-ms="123">
    <groups>
    </groups>
    <test started-at="2023-09-22T17:10:38 IST" name="Default test" finished-at="2023-09-22T17:10:38 IST" duration-ms="123">
      <class name="testnglearning.test3hello">
        <test-method signature="applogin()[pri:0, instance:testnglearning.test3hello@6dc17b83]" started-at="2023-09-22T17:10:38 IST" name="applogin" finished-at="2023-09-22T17:10:38 IST" duration-ms="13" status="PASS">
          <reporter-output>
          </reporter-output>
        </test-method> <!-- applogin -->
        <test-method signature="applogin1(java.lang.String)[pri:0, instance:testnglearning.test3hello@6dc17b83]" started-at="2023-09-22T17:10:38 IST" name="applogin1" finished-at="2023-09-22T17:10:38 IST" duration-ms="2" status="PASS">
          <params>
            <param index="0">
              <value is-null="true"/>
            </param>
          </params>
          <reporter-output>
          </reporter-output>
        </test-method> <!-- applogin1 -->
        <test-method signature="applogin2()[pri:0, instance:testnglearning.test3hello@6dc17b83]" started-at="2023-09-22T17:10:38 IST" name="applogin2" finished-at="2023-09-22T17:10:38 IST" duration-ms="2" status="PASS">
          <reporter-output>
          </reporter-output>
        </test-method> <!-- applogin2 -->
        <test-method signature="applogin3(java.lang.String,java.lang.String)[pri:0, instance:testnglearning.test3hello@6dc17b83]" started-at="2023-09-22T17:10:38 IST" name="applogin3" data-provider="getData" finished-at="2023-09-22T17:10:38 IST" duration-ms="5" status="PASS">
          <params>
            <param index="0">
              <value>
                <![CDATA[Firstusername]]>
              </value>
            </param>
            <param index="1">
              <value>
                <![CDATA[FirstPassword]]>
              </value>
            </param>
          </params>
          <reporter-output>
          </reporter-output>
        </test-method> <!-- applogin3 -->
        <test-method signature="applogin3(java.lang.String,java.lang.String)[pri:0, instance:testnglearning.test3hello@6dc17b83]" started-at="2023-09-22T17:10:38 IST" name="applogin3" data-provider="getData" finished-at="2023-09-22T17:10:38 IST" duration-ms="7" status="PASS">
          <params>
            <param index="0">
              <value>
                <![CDATA[Secondusername]]>
              </value>
            </param>
            <param index="1">
              <value>
                <![CDATA[Secondpassword]]>
              </value>
            </param>
          </params>
          <reporter-output>
          </reporter-output>
        </test-method> <!-- applogin3 -->
        <test-method signature="applogin3(java.lang.String,java.lang.String)[pri:0, instance:testnglearning.test3hello@6dc17b83]" started-at="2023-09-22T17:10:38 IST" name="applogin3" data-provider="getData" finished-at="2023-09-22T17:10:38 IST" duration-ms="4" status="PASS">
          <params>
            <param index="0">
              <value>
                <![CDATA[Thirdusername]]>
              </value>
            </param>
            <param index="1">
              <value>
                <![CDATA[Thirdpassword]]>
              </value>
            </param>
          </params>
          <reporter-output>
          </reporter-output>
        </test-method> <!-- applogin3 -->
      </class> <!-- testnglearning.test3hello -->
    </test> <!-- Default test -->
  </suite> <!-- Default suite -->
</testng-results>
